Starting 'query' on pid 669491.
[2023-08-25 02:19:16 query]: SQL Translation:
---------------------------------------------
  SELECT graph_17_c1."id" "_aLias.id", graph_17_c1."node1" "_aLias.node1", graph_17_c1."node1;label" "_aLias.node1;label", graph_17_c1."label" "_aLias.label", graph_17_c1."label;label" "_aLias.label;label", graph_17_c1."node2" "_aLias.node2", graph_17_c1."node2;label" "_aLias.node2;label"
     FROM graph_12 AS graph_12_c2
     INNER JOIN graph_17 AS graph_17_c1
     ON graph_17_c1."node1" = graph_12_c2."node1"
        AND graph_17_c1."label;label" = graph_17_c1."label;label"
        AND graph_17_c1."node1;label" = graph_17_c1."node1;label"
        AND graph_17_c1."node2;label" = graph_17_c1."node2;label"
        AND (graph_12_c2."node2" = ?)
  PARAS: ["'Luxemburg'@en"]
---------------------------------------------
Elapsed time: 1.44 seconds
Starting 'query' on pid 669500.
[2023-08-25 02:19:17 query]: SQL Translation:
---------------------------------------------
  SELECT DISTINCT graph_18_c3."id" "_aLias.id", graph_17_c1."id" "_aLias.node1", ? "_aLias.node1;label", graph_18_c3."label" "_aLias.label", graph_18_c3."label;label" "_aLias.label;label", graph_18_c3."node2" "_aLias.node2", graph_18_c3."node2;label" "_aLias.node2;label"
     FROM graph_12 AS graph_12_c2
     INNER JOIN graph_17 AS graph_17_c1, graph_18 AS graph_18_c3
     ON graph_17_c1."id" = graph_18_c3."node1"
        AND graph_17_c1."node1" = graph_12_c2."node1"
        AND graph_18_c3."label;label" = graph_18_c3."label;label"
        AND graph_18_c3."node2;label" = graph_18_c3."node2;label"
        AND (graph_12_c2."node2" = ?)
  PARAS: ['', "'Luxemburg'@en"]
---------------------------------------------
Elapsed time: 1.30 seconds
K0 Starting 'query' on pid 669509.
[2023-08-25 02:19:18 query]: SQL Translation:
---------------------------------------------
  SELECT graph_17_c1."id" "_aLias.id", graph_17_c1."node1" "_aLias.node1", graph_17_c1."node1;label" "_aLias.node1;label", graph_17_c1."label" "_aLias.label", graph_17_c1."label;label" "_aLias.label;label", graph_17_c1."node2" "_aLias.node2", graph_17_c1."node2;label" "_aLias.node2;label"
     FROM graph_12 AS graph_12_c2
     INNER JOIN graph_17 AS graph_17_c1
     ON graph_17_c1."node1" = graph_12_c2."node1"
        AND graph_17_c1."label" = ?
        AND graph_17_c1."label;label" = graph_17_c1."label;label"
        AND graph_17_c1."node1;label" = graph_17_c1."node1;label"
        AND graph_17_c1."node2;label" = graph_17_c1."node2;label"
        AND (graph_12_c2."node2" = ?)
  PARAS: ['P3896', "'Luxemburg'@en"]
---------------------------------------------
Elapsed time: 1.49 seconds
Starting 'query' on pid 669518.
[2023-08-25 02:19:20 query]: SQL Translation:
---------------------------------------------
  SELECT graph_24_c2."id" "_aLias.id", graph_24_c1."node2" "_aLias.node1", graph_24_c1."node2;label" "_aLias.node1;label", graph_24_c2."label" "_aLias.label", graph_24_c2."label;label" "_aLias.label;label", graph_24_c2."node2" "_aLias.node2", graph_24_c2."node2;label" "_aLias.node2;label", graph_24_c1."id" "_aLias.id", graph_24_c1."node1" "_aLias.node1", graph_24_c1."node1;label" "_aLias.node1;label", graph_24_c1."label" "_aLias.label", graph_24_c1."label;label" "_aLias.label;label", graph_24_c1."node2" "_aLias.node2", graph_24_c1."node2;label" "_aLias.node2;label", graph_24_c4."id" "_aLias.id", graph_24_c2."id" "_aLias.node1", ? "_aLias.node1;label", graph_24_c4."label" "_aLias.label", graph_24_c4."label" "_aLias.label;label", graph_24_c4."node2" "_aLias.node2", graph_24_c4."node2;label" "_aLias.node2;label"
     FROM graph_24 AS graph_24_c1
     INNER JOIN graph_24 AS graph_24_c2
     ON graph_24_c1."node2" = graph_24_c2."node1"
        AND graph_24_c1."label" = ?
        AND graph_24_c1."label;label" = graph_24_c1."label;label"
        AND graph_24_c1."node1;label" = graph_24_c1."node1;label"
        AND graph_24_c1."node2;label" = graph_24_c1."node2;label"
        AND graph_24_c2."label" = ?
        AND graph_24_c2."label;label" = graph_24_c2."label;label"
        AND graph_24_c2."node2;label" = graph_24_c2."node2;label"
        AND (graph_24_c2."node2" IN (?))
     LEFT JOIN graph_24 AS graph_24_c4
     ON graph_24_c2."id" = graph_24_c4."node1"
        AND graph_24_c4."label" = ?
        AND graph_24_c4."label" = graph_24_c4."label"
        AND graph_24_c4."node2;label" = graph_24_c4."node2;label"
  PARAS: ['', 'ckgr1', 'ckgr2', 'P3896', 'ckgp1']
---------------------------------------------
Elapsed time: 1.67 seconds
Starting 'query' on pid 669527.
[2023-08-25 02:19:21 query]: SQL Translation:
---------------------------------------------
  SELECT graph_24_c2."id" "_aLias.id", graph_24_c1."node2" "_aLias.node1", graph_24_c1."node2;label" "_aLias.node1;label", graph_24_c2."label" "_aLias.label", graph_24_c2."label;label" "_aLias.label;label", graph_24_c2."node2" "_aLias.node2", graph_24_c2."node2;label" "_aLias.node2;label", graph_24_c1."id" "_aLias.id", graph_24_c1."node1" "_aLias.node1", graph_24_c1."node1;label" "_aLias.node1;label", graph_24_c1."label" "_aLias.label", graph_24_c1."label;label" "_aLias.label;label", graph_24_c1."node2" "_aLias.node2", graph_24_c1."node2;label" "_aLias.node2;label", graph_24_c4."id" "_aLias.id", graph_24_c2."id" "_aLias.node1", ? "_aLias.node1;label", graph_24_c4."label" "_aLias.label", graph_24_c4."label" "_aLias.label;label", graph_24_c4."node2" "_aLias.node2", graph_24_c4."node2;label" "_aLias.node2;label"
     FROM graph_24 AS graph_24_c1
     INNER JOIN graph_24 AS graph_24_c2
     ON graph_24_c1."node2" = graph_24_c2."node1"
        AND graph_24_c1."label" = ?
        AND graph_24_c1."label;label" = graph_24_c1."label;label"
        AND graph_24_c1."node1;label" = graph_24_c1."node1;label"
        AND graph_24_c1."node2;label" = graph_24_c1."node2;label"
        AND graph_24_c2."label" = ?
        AND graph_24_c2."label;label" = graph_24_c2."label;label"
        AND graph_24_c2."node2;label" = graph_24_c2."node2;label"
        AND (graph_24_c2."node2" IN (?, ?, ?, ?, ?, ?, ?, ?))
     LEFT JOIN graph_24 AS graph_24_c4
     ON graph_24_c2."id" = graph_24_c4."node1"
        AND graph_24_c4."label" = ?
        AND graph_24_c4."label" = graph_24_c4."label"
        AND graph_24_c4."node2;label" = graph_24_c4."node2;label"
  PARAS: ['', 'ckgr1', 'ckgr2', 'Q3024240', 'Q6256', 'Q512187', 'Q859563', 'Q3624078', 'Q48349', 'Q48349', 'Q133156', 'ckgp1']
---------------------------------------------
Elapsed time: 1.35 seconds
Starting 'query' on pid 669536.
[2023-08-25 02:19:23 query]: SQL Translation:
---------------------------------------------
  SELECT graph_24_c1."id" "_aLias.id", ? "_aLias.node1", graph_24_c1."node1;label" "_aLias.node1;label", graph_24_c1."label" "_aLias.label", graph_24_c1."label;label" "_aLias.label;label", graph_24_c1."node2" "_aLias.node2", graph_24_c1."node2;label" "_aLias.node2;label", graph_24_c3."id" "_aLias.id", graph_24_c1."id" "_aLias.node1", ? "_aLias.node1;label", graph_24_c3."label" "_aLias.label", graph_24_c3."label" "_aLias.label;label", graph_24_c3."node2" "_aLias.node2", graph_24_c3."node2;label" "_aLias.node2;label"
     FROM graph_24 AS graph_24_c1
     LEFT JOIN graph_24 AS graph_24_c3
     ON graph_24_c1."id" = graph_24_c3."node1"
        AND graph_24_c3."label" = ?
        AND graph_24_c3."label" = graph_24_c3."label"
        AND graph_24_c3."node2;label" = graph_24_c3."node2;label"
     WHERE graph_24_c1."label" = ?
        AND graph_24_c1."label;label" = graph_24_c1."label;label"
        AND graph_24_c1."node1" = ?
        AND graph_24_c1."node1;label" = graph_24_c1."node1;label"
        AND graph_24_c1."node2;label" = graph_24_c1."node2;label"
  PARAS: ['ckgG1', '', 'ckgp1', 'ckgr1', 'ckgG1']
---------------------------------------------
Elapsed time: 1.37 seconds
Starting 'query' on pid 669545.
[2023-08-25 02:19:24 query]: SQL Translation:
---------------------------------------------
  SELECT DISTINCT graph_17_c1."id" "_aLias.id", graph_17_c1."node1" "_aLias.node1", graph_17_c1."node1;label" "_aLias.node1;label", graph_17_c1."label" "_aLias.label", graph_17_c1."label;label" "_aLias.label;label", graph_17_c1."node2" "_aLias.node2", graph_17_c1."node2;label" "_aLias.node2;label", graph_17_c2."id" "_aLias.id", graph_17_c1."node1" "_aLias.node1", graph_17_c1."node1;label" "_aLias.node1;label", graph_17_c2."label" "_aLias.label", graph_17_c2."label;label" "_aLias.label;label", graph_17_c2."node2" "_aLias.node2", graph_17_c2."node2;label" "_aLias.node2;label", (graph_17_c2."id" || ? || graph_24_c4."node2") "_aLias.id", graph_17_c2."id" "_aLias.node1", ? "_aLias.node1;label", ? "_aLias.label", ? "_aLias.label;label", graph_24_c4."node1" "_aLias.node2", graph_24_c4."node1;label" "_aLias.node2;label"
     FROM graph_12 AS graph_12_c3
     INNER JOIN graph_17 AS graph_17_c1, graph_17 AS graph_17_c2, graph_24 AS graph_24_c4, graph_24 AS graph_24_c5
     ON graph_17_c1."node1" = graph_12_c3."node1"
        AND graph_17_c1."node1" = graph_17_c2."node1"
        AND graph_17_c1."node2" = graph_24_c5."node2"
        AND graph_24_c4."node2" = graph_24_c5."node1"
        AND graph_17_c1."label" = ?
        AND graph_17_c1."label;label" = graph_17_c1."label;label"
        AND graph_17_c1."node1;label" = graph_17_c1."node1;label"
        AND graph_17_c1."node2;label" = graph_17_c1."node2;label"
        AND graph_17_c2."label;label" = graph_17_c2."label;label"
        AND graph_17_c2."node2;label" = graph_17_c2."node2;label"
        AND graph_24_c4."label" = ?
        AND graph_24_c4."node1;label" = graph_24_c4."node1;label"
        AND graph_24_c4."node2;label" = graph_24_c4."node2;label"
        AND graph_24_c5."label" = ?
        AND ((graph_12_c3."node2" = ?) AND ((graph_17_c2."label" = graph_24_c4."node2") AND EXISTS (SELECT 1 FROM graph_24 AS graph_24_c9 WHERE graph_24_c5."id" = graph_24_c9."node1" AND graph_24_c9."label" = ?)))
  PARAS: ['-', '', 'ckgr9', 'ckg:Context Type', 'P31', 'ckgr1', 'ckgr2', "'Luxemburg'@en", 'ckgp1']
---------------------------------------------
Elapsed time: 1.45 seconds
Starting 'query' on pid 669554.
[2023-08-25 02:19:26 query]: SQL Translation:
---------------------------------------------
  SELECT DISTINCT graph_17_c1."id" "_aLias.id", graph_17_c1."node1" "_aLias.node1", graph_17_c1."node1;label" "_aLias.node1;label", graph_17_c1."label" "_aLias.label", graph_17_c1."label;label" "_aLias.label;label", graph_17_c1."node2" "_aLias.node2", graph_17_c1."node2;label" "_aLias.node2;label", graph_17_c2."id" "_aLias.id", graph_17_c1."node1" "_aLias.node1", graph_17_c1."node1;label" "_aLias.node1;label", graph_17_c2."label" "_aLias.label", graph_17_c2."label;label" "_aLias.label;label", graph_17_c2."node2" "_aLias.node2", graph_17_c2."node2;label" "_aLias.node2;label", (graph_17_c2."id" || ? || graph_24_c4."node2") "_aLias.id", graph_17_c2."id" "_aLias.node1", ? "_aLias.node1;label", ? "_aLias.label", ? "_aLias.label;label", graph_24_c4."node1" "_aLias.node2", graph_24_c4."node1;label" "_aLias.node2;label"
     FROM graph_12 AS graph_12_c3
     INNER JOIN graph_17 AS graph_17_c1, graph_17 AS graph_17_c2, graph_24 AS graph_24_c4, graph_24 AS graph_24_c5
     ON graph_17_c1."node1" = graph_12_c3."node1"
        AND graph_17_c1."node1" = graph_17_c2."node1"
        AND graph_17_c1."node2" = graph_24_c5."node2"
        AND graph_24_c4."node2" = graph_24_c5."node1"
        AND graph_17_c1."label" = ?
        AND graph_17_c1."label;label" = graph_17_c1."label;label"
        AND graph_17_c1."node1;label" = graph_17_c1."node1;label"
        AND graph_17_c1."node2;label" = graph_17_c1."node2;label"
        AND graph_17_c2."label;label" = graph_17_c2."label;label"
        AND graph_17_c2."node2;label" = graph_17_c2."node2;label"
        AND graph_24_c4."label" = ?
        AND graph_24_c4."node1;label" = graph_24_c4."node1;label"
        AND graph_24_c4."node2;label" = graph_24_c4."node2;label"
        AND graph_24_c5."label" = ?
        AND ((graph_12_c3."node2" = ?) AND ((graph_17_c2."label" = graph_24_c4."node2") AND (NOT EXISTS (SELECT 1 FROM graph_24 AS graph_24_c9 WHERE graph_24_c5."id" = graph_24_c9."node1" AND graph_24_c9."label" = ?))))
  PARAS: ['-', '', 'ckgr9', 'ckg:Context Type', 'P31', 'ckgr1', 'ckgr2', "'Luxemburg'@en", 'ckgp1']
---------------------------------------------
Elapsed time: 1.75 seconds
Starting 'query' on pid 669563.
[2023-08-25 02:19:28 query]: SQL Translation:
---------------------------------------------
  SELECT DISTINCT graph_17_c1."id" "_aLias.id", graph_17_c1."node1" "_aLias.node1", graph_17_c1."node1;label" "_aLias.node1;label", graph_17_c1."label" "_aLias.label", graph_17_c1."label;label" "_aLias.label;label", graph_17_c1."node2" "_aLias.node2", graph_17_c1."node2;label" "_aLias.node2;label", graph_17_c2."id" "_aLias.id", graph_17_c1."node1" "_aLias.node1", graph_17_c1."node1;label" "_aLias.node1;label", graph_17_c2."label" "_aLias.label", graph_17_c2."label;label" "_aLias.label;label", graph_17_c2."node2" "_aLias.node2", graph_17_c2."node2;label" "_aLias.node2;label", (graph_17_c2."id" || ? || graph_24_c4."node1") "_aLias.id", graph_17_c2."id" "_aLias.node1", ? "_aLias.node1;label", ? "_aLias.label", ? "_aLias.label;label", ? "_aLias.node2", ? "_aLias.node2;label"
     FROM graph_12 AS graph_12_c3
     INNER JOIN graph_17 AS graph_17_c1, graph_17 AS graph_17_c2, graph_24 AS graph_24_c4
     ON graph_17_c1."node1" = graph_12_c3."node1"
        AND graph_17_c1."node1" = graph_17_c2."node1"
        AND graph_17_c1."node2" = graph_24_c4."node2"
        AND graph_17_c1."label" = ?
        AND graph_17_c1."label;label" = graph_17_c1."label;label"
        AND graph_17_c1."node1;label" = graph_17_c1."node1;label"
        AND graph_17_c1."node2;label" = graph_17_c1."node2;label"
        AND graph_17_c2."label;label" = graph_17_c2."label;label"
        AND graph_17_c2."node2;label" = graph_17_c2."node2;label"
        AND graph_24_c4."label" = ?
        AND graph_24_c4."node1;label" = graph_24_c4."node1;label"
        AND ((graph_12_c3."node2" = ?) AND (graph_17_c2."label" = graph_24_c4."node1"))
  PARAS: ['-', '', 'ckgr8', 'ckg:Determines', 'ckgId', 'Entity Identifier', 'P31', 'ckgr4', "'Luxemburg'@en"]
---------------------------------------------
Elapsed time: 1.71 seconds
Starting 'query' on pid 669572.
[2023-08-25 02:19:29 query]: SQL Translation:
---------------------------------------------
  SELECT DISTINCT graph_17_c1."id" "_aLias.id", graph_17_c1."node1" "_aLias.node1", graph_17_c1."node1;label" "_aLias.node1;label", graph_17_c1."label" "_aLias.label", graph_17_c1."label;label" "_aLias.label;label", graph_17_c1."node2" "_aLias.node2", graph_17_c1."node2;label" "_aLias.node2;label", graph_18_c3."id" "_aLias.id", graph_17_c1."id" "_aLias.node1", ? "_aLias.node1;label", graph_24_c4."node2" "_aLias.label", graph_24_c4."node2;label" "_aLias.label;label", graph_18_c3."node2" "_aLias.node2", graph_18_c3."node2;label" "_aLias.node2;label", (graph_18_c3."id" || ? || graph_24_c4."node1") "_aLias.id", graph_18_c3."id" "_aLias.node1", ? "_aLias.node1;label", ? "_aLias.label", ? "_aLias.label;label", graph_24_c4."node1" "_aLias.node2", graph_24_c4."node1;label" "_aLias.node2;label"
     FROM graph_12 AS graph_12_c2
     INNER JOIN graph_17 AS graph_17_c1, graph_18 AS graph_18_c3, graph_24 AS graph_24_c4, graph_24 AS graph_24_c5
     ON graph_17_c1."id" = graph_18_c3."node1"
        AND graph_17_c1."node1" = graph_12_c2."node1"
        AND graph_24_c4."node2" = graph_24_c5."node1"
        AND graph_17_c1."label" = ?
        AND graph_17_c1."label;label" = graph_17_c1."label;label"
        AND graph_17_c1."node1;label" = graph_17_c1."node1;label"
        AND graph_17_c1."node2;label" = graph_17_c1."node2;label"
        AND graph_18_c3."node2;label" = graph_18_c3."node2;label"
        AND graph_24_c4."label" = ?
        AND graph_24_c4."node1;label" = graph_24_c4."node1;label"
        AND graph_24_c4."node2;label" = graph_24_c4."node2;label"
        AND graph_24_c5."label" = ?
        AND graph_24_c5."node2" = ?
        AND ((graph_12_c2."node2" = ?) AND ((graph_18_c3."label" = graph_24_c4."node2") AND EXISTS (SELECT 1 FROM graph_24 AS graph_24_c10 WHERE graph_24_c5."id" = graph_24_c10."node1" AND graph_24_c10."label" = ?)))
  PARAS: ['', '-', '', 'ckgr9', 'ckg:Context Type', 'P3896', 'ckgr1', 'ckgr2', 'P3896', "'Luxemburg'@en", 'ckgp1']
---------------------------------------------
Elapsed time: 1.41 seconds
Starting 'query' on pid 669581.
[2023-08-25 02:19:30 query]: SQL Translation:
---------------------------------------------
  SELECT DISTINCT graph_17_c1."id" "_aLias.id", graph_17_c1."node1" "_aLias.node1", graph_17_c1."node1;label" "_aLias.node1;label", graph_17_c1."label" "_aLias.label", graph_17_c1."label;label" "_aLias.label;label", graph_17_c1."node2" "_aLias.node2", graph_17_c1."node2;label" "_aLias.node2;label", graph_18_c3."id" "_aLias.id", graph_17_c1."id" "_aLias.node1", ? "_aLias.node1;label", graph_24_c4."node2" "_aLias.label", graph_24_c4."node2;label" "_aLias.label;label", graph_18_c3."node2" "_aLias.node2", graph_18_c3."node2;label" "_aLias.node2;label", (graph_18_c3."id" || ? || graph_24_c4."node1") "_aLias.id", graph_18_c3."id" "_aLias.node1", ? "_aLias.node1;label", ? "_aLias.label", ? "_aLias.label;label", graph_24_c4."node1" "_aLias.node2", graph_24_c4."node1;label" "_aLias.node2;label"
     FROM graph_12 AS graph_12_c2
     INNER JOIN graph_17 AS graph_17_c1, graph_18 AS graph_18_c3, graph_24 AS graph_24_c4, graph_24 AS graph_24_c5
     ON graph_17_c1."id" = graph_18_c3."node1"
        AND graph_17_c1."node1" = graph_12_c2."node1"
        AND graph_24_c4."node2" = graph_24_c5."node1"
        AND graph_17_c1."label" = ?
        AND graph_17_c1."label;label" = graph_17_c1."label;label"
        AND graph_17_c1."node1;label" = graph_17_c1."node1;label"
        AND graph_17_c1."node2;label" = graph_17_c1."node2;label"
        AND graph_18_c3."node2;label" = graph_18_c3."node2;label"
        AND graph_24_c4."label" = ?
        AND graph_24_c4."node1;label" = graph_24_c4."node1;label"
        AND graph_24_c4."node2;label" = graph_24_c4."node2;label"
        AND graph_24_c5."label" = ?
        AND graph_24_c5."node2" = ?
        AND ((graph_12_c2."node2" = ?) AND ((graph_18_c3."label" = graph_24_c4."node2") AND (NOT EXISTS (SELECT 1 FROM graph_24 AS graph_24_c10 WHERE graph_24_c5."id" = graph_24_c10."node1" AND graph_24_c10."label" = ?))))
  PARAS: ['', '-', '', 'ckgr9', 'ckg:Context Type', 'P3896', 'ckgr1', 'ckgr2', 'P3896', "'Luxemburg'@en", 'ckgp1']
---------------------------------------------
Elapsed time: 1.38 seconds
Starting 'query' on pid 669590.
[2023-08-25 02:19:32 query]: SQL Translation:
---------------------------------------------
  SELECT DISTINCT graph_17_c1."id" "_aLias.id", graph_17_c1."node1" "_aLias.node1", graph_17_c1."node1;label" "_aLias.node1;label", graph_17_c1."label" "_aLias.label", graph_17_c1."label;label" "_aLias.label;label", graph_17_c1."node2" "_aLias.node2", graph_17_c1."node2;label" "_aLias.node2;label", graph_18_c3."id" "_aLias.id", iif((graph_18_c3."id" IS NOT NULL), graph_17_c1."id", ?) "_aLias.node1", ? "_aLias.node1;label", graph_18_c3."label" "_aLias.label", graph_18_c3."label;label" "_aLias.label;label", graph_18_c3."node2" "_aLias.node2", graph_18_c3."node2;label" "_aLias.node2;label"
     FROM graph_12 AS graph_12_c2
     INNER JOIN graph_17 AS graph_17_c1, graph_18 AS graph_18_c3
     ON graph_17_c1."id" = graph_18_c3."node1"
        AND graph_17_c1."node1" = graph_12_c2."node1"
        AND graph_17_c1."label" = ?
        AND graph_17_c1."label;label" = graph_17_c1."label;label"
        AND graph_17_c1."node1;label" = graph_17_c1."node1;label"
        AND graph_17_c1."node2;label" = graph_17_c1."node2;label"
        AND graph_18_c3."label;label" = graph_18_c3."label;label"
        AND graph_18_c3."node2;label" = graph_18_c3."node2;label"
        AND ((NOT EXISTS (SELECT 1 FROM graph_24 AS graph_24_c7, graph_24 AS graph_24_c8 WHERE graph_24_c7."node2" = graph_24_c8."node1"
        AND graph_24_c7."label" = ?
        AND graph_24_c8."label" = ?
        AND graph_24_c8."node2" = ?
        AND (graph_18_c3."label" = graph_24_c7."node2"))) AND (graph_12_c2."node2" = ?))
  PARAS: ['', '', 'P3896', 'ckgr1', 'ckgr2', 'P3896', "'Luxemburg'@en"]
---------------------------------------------
Elapsed time: 1.66 seconds
Starting 'query' on pid 669599.
[2023-08-25 02:19:34 query]: SQL Translation:
---------------------------------------------
  SELECT DISTINCT graph_17_c1."id" "_aLias.id", graph_17_c1."node1" "_aLias.node1", graph_17_c1."node1;label" "_aLias.node1;label", graph_17_c1."label" "_aLias.label", graph_17_c1."label;label" "_aLias.label;label", graph_17_c1."node2" "_aLias.node2", graph_17_c1."node2;label" "_aLias.node2;label", (graph_17_c1."id" || ? || graph_24_c3."node2") "_aLias.id", graph_17_c1."id" "_aLias.node1", ? "_aLias.node1;label", graph_24_c3."node2" "_aLias.label", graph_24_c3."node2;label" "_aLias.label;label", ? "_aLias.node2", ? "_aLias.node2;label", (graph_17_c1."id" || ? || graph_24_c3."node2" || ? || graph_24_c3."node1") "_aLias.id", (graph_17_c1."id" || ? || graph_24_c3."node2") "_aLias.node1", ? "_aLias.node1;label", ? "_aLias.label", ? "_aLias.label;label", graph_24_c3."node1" "_aLias.node2", graph_24_c3."node1;label" "_aLias.node2;label"
     FROM graph_12 AS graph_12_c2
     INNER JOIN graph_17 AS graph_17_c1, graph_24 AS graph_24_c3, graph_24 AS graph_24_c4
     ON graph_17_c1."node1" = graph_12_c2."node1"
        AND graph_24_c3."node2" = graph_24_c4."node1"
        AND graph_17_c1."label" = ?
        AND graph_17_c1."label;label" = graph_17_c1."label;label"
        AND graph_17_c1."node1;label" = graph_17_c1."node1;label"
        AND graph_17_c1."node2;label" = graph_17_c1."node2;label"
        AND graph_24_c3."label" = ?
        AND graph_24_c3."node1;label" = graph_24_c3."node1;label"
        AND graph_24_c3."node2;label" = graph_24_c3."node2;label"
        AND graph_24_c4."label" = ?
        AND graph_24_c4."node2" = ?
        AND (EXISTS (SELECT 1 FROM graph_24 AS graph_24_c8 WHERE graph_24_c4."id" = graph_24_c8."node1" AND graph_24_c8."label" = ?) AND ((NOT EXISTS (SELECT 1 FROM graph_18 AS graph_18_c9 WHERE graph_17_c1."id" = graph_18_c9."node1"
        AND graph_17_c1."node2" = graph_18_c9."node2" AND (graph_18_c9."label" = graph_24_c3."node2"))) AND (graph_12_c2."node2" = ?)))
  PARAS: ['-', '', 'unknown', '', '-', '-', '-', '', 'ckgr9', 'ckg:Context Type', 'P3896', 'ckgr1', 'ckgr2', 'P3896', 'ckgp1', "'Luxemburg'@en"]
---------------------------------------------
Elapsed time: 1.45 seconds
