nohup: ignoring input
Starting 'query' on pid 504267.
[2023-08-07 00:39:35 query]: SQL Translation:
---------------------------------------------
  SELECT *
     FROM graph_9 AS graph_9_c1
     WHERE graph_9_c1."label" = ?
        AND graph_9_c1."node1" = ?
        AND graph_9_c1."node1;label" = graph_9_c1."node1;label"
        AND graph_9_c1."node2;label" = graph_9_c1."node2;label"
  PARAS: ['P1365', 'Q155']
---------------------------------------------
Elapsed time: 1.37 seconds
Starting 'reachable-nodes' on pid 504276.
Elapsed time: 1.80 seconds
Starting 'query' on pid 504285.
[2023-08-07 00:39:38 query]: SQL Translation:
---------------------------------------------
  SELECT *
     FROM graph_7 AS graph_7_c2
     INNER JOIN graph_9 AS graph_9_c1
     ON graph_9_c1."id" = graph_7_c2."node1"
        AND graph_7_c2."node2;label" = graph_7_c2."node2;label"
        AND graph_9_c1."label" = ?
        AND graph_9_c1."node1" = ?
        AND graph_9_c1."node1;label" = graph_9_c1."node1;label"
        AND graph_9_c1."node2;label" = graph_9_c1."node2;label"
  PARAS: ['P1365', 'Q155']
---------------------------------------------
Elapsed time: 1.13 seconds
Starting 'query' on pid 504294.
[2023-08-07 00:39:39 query]: SQL Translation:
---------------------------------------------
  SELECT *
     FROM graph_9 AS graph_9_c1
     LEFT JOIN graph_7 AS graph_7_c3
     ON graph_9_c1."id" = graph_7_c3."node1"
        AND graph_7_c3."node2;label" = graph_7_c3."node2;label"
     WHERE graph_9_c1."label" = ?
        AND graph_9_c1."node1" = ?
        AND graph_9_c1."node1;label" = graph_9_c1."node1;label"
        AND graph_9_c1."node2;label" = graph_9_c1."node2;label"
  PARAS: ['P1365', 'Q155']
---------------------------------------------
Elapsed time: 1.18 seconds
Starting 'query' on pid 504303.
[2023-08-07 00:39:40 query]: SQL Translation:
---------------------------------------------
  SELECT *
     FROM graph_9 AS graph_9_c1
     WHERE graph_9_c1."label" = ?
        AND graph_9_c1."node1;label" = graph_9_c1."node1;label"
        AND graph_9_c1."node2" = ?
        AND graph_9_c1."node2;label" = graph_9_c1."node2;label"
  PARAS: ['P1366', 'Q155']
---------------------------------------------
Elapsed time: 1.46 seconds
Starting 'query' on pid 504312.
[2023-08-07 00:39:42 query]: SQL Translation:
---------------------------------------------
  SELECT *
     FROM graph_7 AS graph_7_c2
     INNER JOIN graph_9 AS graph_9_c1
     ON graph_9_c1."id" = graph_7_c2."node1"
        AND graph_7_c2."node2;label" = graph_7_c2."node2;label"
        AND graph_9_c1."label" = ?
        AND graph_9_c1."node1;label" = graph_9_c1."node1;label"
        AND graph_9_c1."node2" = ?
        AND graph_9_c1."node2;label" = graph_9_c1."node2;label"
  PARAS: ['P1366', 'Q155']
---------------------------------------------
Elapsed time: 1.22 seconds
Starting 'query' on pid 504321.
[2023-08-07 00:39:43 query]: SQL Translation:
---------------------------------------------
  SELECT *
     FROM graph_9 AS graph_9_c1
     LEFT JOIN graph_7 AS graph_7_c3
     ON graph_9_c1."id" = graph_7_c3."node1"
        AND graph_7_c3."node2;label" = graph_7_c3."node2;label"
     WHERE graph_9_c1."label" = ?
        AND graph_9_c1."node1;label" = graph_9_c1."node1;label"
        AND graph_9_c1."node2" = ?
        AND graph_9_c1."node2;label" = graph_9_c1."node2;label"
  PARAS: ['P1366', 'Q155']
---------------------------------------------
Elapsed time: 1.50 seconds
Starting 'query' on pid 504330.
[2023-08-07 00:39:44 query]: SQL Translation:
---------------------------------------------
  SELECT *
     FROM graph_7 AS graph_7_c2
     INNER JOIN graph_9 AS graph_9_c1
     ON graph_9_c1."id" = graph_7_c2."node1"
        AND graph_7_c2."node2;label" = graph_7_c2."node2;label"
        AND graph_9_c1."label" = ?
        AND graph_9_c1."node1" = ?
        AND graph_9_c1."node1;label" = graph_9_c1."node1;label"
        AND graph_9_c1."node2;label" = graph_9_c1."node2;label"
  PARAS: ['P571', 'Q155']
---------------------------------------------
Elapsed time: 1.19 seconds
Starting 'query' on pid 504339.
[2023-08-07 00:39:45 query]: SQL Translation:
---------------------------------------------
  SELECT *
     FROM graph_9 AS graph_9_c1
     LEFT JOIN graph_7 AS graph_7_c3
     ON graph_9_c1."id" = graph_7_c3."node1"
        AND graph_7_c3."node2;label" = graph_7_c3."node2;label"
     WHERE graph_9_c1."label" = ?
        AND graph_9_c1."node1" = ?
        AND graph_9_c1."node1;label" = graph_9_c1."node1;label"
        AND graph_9_c1."node2;label" = graph_9_c1."node2;label"
  PARAS: ['P571', 'Q155']
---------------------------------------------
Elapsed time: 1.23 seconds
Starting 'query' on pid 504348.
[2023-08-07 00:39:47 query]: SQL Translation:
---------------------------------------------
  SELECT *
     FROM graph_7 AS graph_7_c3
     INNER JOIN graph_9 AS graph_9_c1, graph_9 AS graph_9_c2
     ON graph_9_c1."node2" = graph_9_c2."node1"
        AND graph_9_c1."node2;label" = graph_9_c2."node1;label"
        AND graph_9_c2."id" = graph_7_c3."node1"
        AND graph_7_c3."node2;label" = graph_7_c3."node2;label"
        AND graph_9_c1."label" = ?
        AND graph_9_c1."node1" = ?
        AND graph_9_c1."node1;label" = graph_9_c1."node1;label"
        AND graph_9_c1."node2;label" = graph_9_c1."node2;label"
        AND graph_9_c2."label" = ?
        AND graph_9_c2."node1;label" = graph_9_c1."node2;label"
        AND graph_9_c2."node2;label" = graph_9_c2."node2;label"
  PARAS: ['P1365', 'Q155', 'P576']
---------------------------------------------
Elapsed time: 1.53 seconds
Starting 'query' on pid 504357.
[2023-08-07 00:39:48 query]: SQL Translation:
---------------------------------------------
  SELECT *
     FROM graph_9 AS graph_9_c1
     INNER JOIN graph_9 AS graph_9_c2
     ON graph_9_c1."node2" = graph_9_c2."node1"
        AND graph_9_c1."node2;label" = graph_9_c2."node1;label"
        AND graph_9_c1."label" = ?
        AND graph_9_c1."node1" = ?
        AND graph_9_c1."node1;label" = graph_9_c1."node1;label"
        AND graph_9_c1."node2;label" = graph_9_c1."node2;label"
        AND graph_9_c2."label" = ?
        AND graph_9_c2."node1;label" = graph_9_c1."node2;label"
        AND graph_9_c2."node2;label" = graph_9_c2."node2;label"
     LEFT JOIN graph_7 AS graph_7_c4
     ON graph_9_c2."id" = graph_7_c4."node1"
        AND graph_7_c4."node2;label" = graph_7_c4."node2;label"
  PARAS: ['P1365', 'Q155', 'P576']
---------------------------------------------
Elapsed time: 1.27 seconds
Starting 'query' on pid 504366.
[2023-08-07 00:39:50 query]: SQL Translation:
---------------------------------------------
  SELECT *
     FROM graph_7 AS graph_7_c2
     INNER JOIN graph_9 AS graph_9_c1
     ON graph_9_c1."id" = graph_7_c2."node1"
        AND graph_7_c2."node2;label" = graph_7_c2."node2;label"
        AND graph_9_c1."label" = ?
        AND graph_9_c1."node1" = ?
        AND graph_9_c1."node1;label" = graph_9_c1."node1;label"
        AND graph_9_c1."node2;label" = graph_9_c1."node2;label"
  PARAS: ['P36', 'Q155']
---------------------------------------------
Elapsed time: 1.49 seconds
Starting 'query' on pid 504375.
[2023-08-07 00:39:51 query]: SQL Translation:
---------------------------------------------
  SELECT *
     FROM graph_9 AS graph_9_c1
     LEFT JOIN graph_7 AS graph_7_c3
     ON graph_9_c1."id" = graph_7_c3."node1"
        AND graph_7_c3."node2;label" = graph_7_c3."node2;label"
     WHERE graph_9_c1."label" = ?
        AND graph_9_c1."node1" = ?
        AND graph_9_c1."node1;label" = graph_9_c1."node1;label"
        AND graph_9_c1."node2;label" = graph_9_c1."node2;label"
  PARAS: ['P36', 'Q155']
---------------------------------------------
Elapsed time: 1.44 seconds
Starting 'query' on pid 504384.
[2023-08-07 00:39:52 query]: SQL Translation:
---------------------------------------------
  SELECT *
     FROM graph_7 AS graph_7_c3
     INNER JOIN graph_7 AS graph_7_c4, graph_9 AS graph_9_c1, graph_9 AS graph_9_c2
     ON graph_9_c1."id" = graph_7_c3."node1"
        AND graph_9_c1."node2" = graph_9_c2."node1"
        AND graph_9_c1."node2;label" = graph_9_c2."node1;label"
        AND graph_9_c2."id" = graph_7_c4."node1"
        AND graph_7_c3."node2;label" = graph_7_c3."node2;label"
        AND graph_7_c4."node2;label" = graph_7_c4."node2;label"
        AND graph_9_c1."label" = ?
        AND graph_9_c1."node1" = ?
        AND graph_9_c1."node1;label" = graph_9_c1."node1;label"
        AND graph_9_c1."node2;label" = graph_9_c1."node2;label"
        AND graph_9_c2."label" = ?
        AND graph_9_c2."node1;label" = graph_9_c1."node2;label"
        AND graph_9_c2."node2;label" = graph_9_c2."node2;label"
  PARAS: ['P36', 'Q155', 'P571']
---------------------------------------------
Elapsed time: 1.28 seconds
Starting 'query' on pid 504393.
[2023-08-07 00:39:54 query]: SQL Translation:
---------------------------------------------
  SELECT *
     FROM graph_9 AS graph_9_c1
     INNER JOIN graph_9 AS graph_9_c2
     ON graph_9_c1."node2" = graph_9_c2."node1"
        AND graph_9_c1."node2;label" = graph_9_c2."node1;label"
        AND graph_9_c1."label" = ?
        AND graph_9_c1."node1" = ?
        AND graph_9_c1."node1;label" = graph_9_c1."node1;label"
        AND graph_9_c1."node2;label" = graph_9_c1."node2;label"
        AND graph_9_c2."label" = ?
        AND graph_9_c2."node1;label" = graph_9_c1."node2;label"
        AND graph_9_c2."node2;label" = graph_9_c2."node2;label"
     LEFT JOIN graph_7 AS graph_7_c4
     ON graph_9_c1."id" = graph_7_c4."node1"
        AND graph_7_c4."node2;label" = graph_7_c4."node2;label"
     LEFT JOIN graph_7 AS graph_7_c6
     ON graph_9_c2."id" = graph_7_c6."node1"
        AND graph_7_c6."node2;label" = graph_7_c6."node2;label"
  PARAS: ['P36', 'Q155', 'P571']
---------------------------------------------
Elapsed time: 1.18 seconds
Starting 'query' on pid 504402.
[2023-08-07 00:39:55 query]: SQL Translation:
---------------------------------------------
  SELECT *
     FROM graph_7 AS graph_7_c3
     INNER JOIN graph_7 AS graph_7_c4, graph_9 AS graph_9_c1, graph_9 AS graph_9_c2
     ON graph_9_c1."id" = graph_7_c3."node1"
        AND graph_9_c1."node1;label" = graph_9_c2."node1;label"
        AND graph_9_c2."id" = graph_7_c4."node1"
        AND graph_7_c3."node2;label" = graph_7_c3."node2;label"
        AND graph_7_c4."node2;label" = graph_7_c4."node2;label"
        AND graph_9_c1."label" = ?
        AND graph_9_c1."node1" = ?
        AND graph_9_c1."node1;label" = graph_9_c1."node1;label"
        AND graph_9_c1."node2;label" = graph_9_c1."node2;label"
        AND graph_9_c2."label" = ?
        AND graph_9_c2."node1" = ?
        AND graph_9_c2."node1;label" = graph_9_c1."node1;label"
        AND graph_9_c2."node2;label" = graph_9_c2."node2;label"
  PARAS: ['P35', 'Q155', 'P1906', 'Q155']
---------------------------------------------
Elapsed time: 1.15 seconds
Starting 'query' on pid 504411.
[2023-08-07 00:39:56 query]: SQL Translation:
---------------------------------------------
  SELECT *
     FROM graph_9 AS graph_9_c1
     INNER JOIN graph_9 AS graph_9_c2
     ON graph_9_c1."node1;label" = graph_9_c2."node1;label"
        AND graph_9_c1."label" = ?
        AND graph_9_c1."node1" = ?
        AND graph_9_c1."node1;label" = graph_9_c1."node1;label"
        AND graph_9_c1."node2;label" = graph_9_c1."node2;label"
        AND graph_9_c2."label" = ?
        AND graph_9_c2."node1" = ?
        AND graph_9_c2."node1;label" = graph_9_c1."node1;label"
        AND graph_9_c2."node2;label" = graph_9_c2."node2;label"
     LEFT JOIN graph_7 AS graph_7_c4
     ON graph_9_c1."id" = graph_7_c4."node1"
        AND graph_7_c4."node2;label" = graph_7_c4."node2;label"
     LEFT JOIN graph_7 AS graph_7_c6
     ON graph_9_c2."id" = graph_7_c6."node1"
        AND graph_7_c6."node2;label" = graph_7_c6."node2;label"
  PARAS: ['P35', 'Q155', 'P1906', 'Q155']
---------------------------------------------
Elapsed time: 1.45 seconds
Starting 'query' on pid 504420.
[2023-08-07 00:39:58 query]: SQL Translation:
---------------------------------------------
  SELECT *
     FROM graph_7 AS graph_7_c3
     INNER JOIN graph_7 AS graph_7_c4, graph_9 AS graph_9_c1, graph_9 AS graph_9_c2
     ON graph_9_c1."id" = graph_7_c3."node1"
        AND graph_9_c1."node1;label" = graph_9_c2."node1;label"
        AND graph_9_c2."id" = graph_7_c4."node1"
        AND graph_7_c3."node2;label" = graph_7_c3."node2;label"
        AND graph_7_c4."node2;label" = graph_7_c4."node2;label"
        AND graph_9_c1."label" = ?
        AND graph_9_c1."node1" = ?
        AND graph_9_c1."node1;label" = graph_9_c1."node1;label"
        AND graph_9_c1."node2;label" = graph_9_c1."node2;label"
        AND graph_9_c2."label" = ?
        AND graph_9_c2."node1" = ?
        AND graph_9_c2."node1;label" = graph_9_c1."node1;label"
        AND graph_9_c2."node2;label" = graph_9_c2."node2;label"
  PARAS: ['P6', 'Q155', 'P1313', 'Q155']
---------------------------------------------
Elapsed time: 1.20 seconds
Starting 'query' on pid 504429.
[2023-08-07 00:39:59 query]: SQL Translation:
---------------------------------------------
  SELECT *
     FROM graph_9 AS graph_9_c1
     INNER JOIN graph_9 AS graph_9_c2
     ON graph_9_c1."node1;label" = graph_9_c2."node1;label"
        AND graph_9_c1."label" = ?
        AND graph_9_c1."node1" = ?
        AND graph_9_c1."node1;label" = graph_9_c1."node1;label"
        AND graph_9_c1."node2;label" = graph_9_c1."node2;label"
        AND graph_9_c2."label" = ?
        AND graph_9_c2."node1" = ?
        AND graph_9_c2."node1;label" = graph_9_c1."node1;label"
        AND graph_9_c2."node2;label" = graph_9_c2."node2;label"
     LEFT JOIN graph_7 AS graph_7_c4
     ON graph_9_c1."id" = graph_7_c4."node1"
        AND graph_7_c4."node2;label" = graph_7_c4."node2;label"
     LEFT JOIN graph_7 AS graph_7_c6
     ON graph_9_c2."id" = graph_7_c6."node1"
        AND graph_7_c6."node2;label" = graph_7_c6."node2;label"
  PARAS: ['P6', 'Q155', 'P1313', 'Q155']
---------------------------------------------
Elapsed time: 1.45 seconds
Starting 'query' on pid 504438.
[2023-08-07 00:40:00 query]: SQL Translation:
---------------------------------------------
  SELECT *
     FROM graph_7 AS graph_7_c2
     INNER JOIN graph_9 AS graph_9_c1
     ON graph_9_c1."id" = graph_7_c2."node1"
        AND graph_7_c2."node2;label" = graph_7_c2."node2;label"
        AND graph_9_c1."label" = ?
        AND graph_9_c1."node1" = ?
        AND graph_9_c1."node1;label" = graph_9_c1."node1;label"
        AND graph_9_c1."node2;label" = graph_9_c1."node2;label"
  PARAS: ['P122', 'Q155']
---------------------------------------------
Elapsed time: 1.18 seconds
Starting 'query' on pid 504447.
[2023-08-07 00:40:02 query]: SQL Translation:
---------------------------------------------
  SELECT *
     FROM graph_9 AS graph_9_c1
     LEFT JOIN graph_7 AS graph_7_c3
     ON graph_9_c1."id" = graph_7_c3."node1"
        AND graph_7_c3."node2;label" = graph_7_c3."node2;label"
     WHERE graph_9_c1."label" = ?
        AND graph_9_c1."node1" = ?
        AND graph_9_c1."node1;label" = graph_9_c1."node1;label"
        AND graph_9_c1."node2;label" = graph_9_c1."node2;label"
  PARAS: ['P122', 'Q155']
---------------------------------------------
Elapsed time: 1.35 seconds
Starting 'query' on pid 504456.
[2023-08-07 00:40:03 query]: SQL Translation:
---------------------------------------------
  SELECT *
     FROM graph_7 AS graph_7_c2
     INNER JOIN graph_9 AS graph_9_c1
     ON graph_9_c1."id" = graph_7_c2."node1"
        AND graph_7_c2."node2;label" = graph_7_c2."node2;label"
        AND graph_9_c1."node1" = ?
        AND graph_9_c1."node1;label" = graph_9_c1."node1;label"
        AND graph_9_c1."node2;label" = graph_9_c1."node2;label"
        AND (graph_9_c1."label" IN (?, ?, ?))
  PARAS: ['Q155', 'P2936', 'P37', 'P103']
---------------------------------------------
Elapsed time: 1.12 seconds
Starting 'query' on pid 504465.
[2023-08-07 00:40:04 query]: SQL Translation:
---------------------------------------------
  SELECT *
     FROM graph_9 AS graph_9_c1
     LEFT JOIN graph_7 AS graph_7_c3
     ON graph_9_c1."id" = graph_7_c3."node1"
        AND graph_7_c3."node2;label" = graph_7_c3."node2;label"
     WHERE graph_9_c1."node1" = ?
        AND graph_9_c1."node1;label" = graph_9_c1."node1;label"
        AND graph_9_c1."node2;label" = graph_9_c1."node2;label"
        AND (graph_9_c1."label" IN (?, ?, ?))
  PARAS: ['Q155', 'P2936', 'P37', 'P103']
---------------------------------------------
Elapsed time: 1.15 seconds
